-------------------------------------------------------------------------------
Test set: TestSuite
-------------------------------------------------------------------------------
<<<<<<< HEAD
<<<<<<< HEAD
Tests run: 1, Failures: 0, Errors: 0, Skipped: 0, Time elapsed: 43.846 s - in TestSuite
=======
<<<<<<< HEAD
Tests run: 1, Failures: 0, Errors: 0, Skipped: 0, Time elapsed: 26.749 s - in TestSuite
=======
<<<<<<< HEAD
Tests run: 1, Failures: 0, Errors: 0, Skipped: 0, Time elapsed: 46.282 s - in TestSuite
=======
Tests run: 1, Failures: 0, Errors: 0, Skipped: 0, Time elapsed: 27.937 s - in TestSuite
>>>>>>> d7e5e9603780fd1a7ec340e51e99a72505630cef
>>>>>>> 457a4b139efc00a136ee057461e9b9a1fd620f30
>>>>>>> 4107b72aa89c84583c2bf9beb0199bd055af047a
=======
Tests run: 1, Failures: 0, Errors: 0, Skipped: 0, Time elapsed: 26.387 s - in TestSuite
>>>>>>> cddd0e0620dbe71da12a074cc5678f02ced753c8
